[    0.000000] Initializing cgroup subsys cpuset
[    0.000000] Initializing cgroup subsys cpu
[    0.000000] Initializing cgroup subsys cpuacct
[    0.000000] Linux version 4.4.0-92-generic (buildd@lcy01-17) (gcc version 5.4.0 20160609 (Ubuntu 5.4.0-6ubuntu1~16.04.4) ) #115-Ubuntu SMP Thu Aug 10 09:04:33 UTC 2017 (Ubuntu 4.4.0-92.115-generic 4.4.76)
[    0.000000] Command line: BOOT_IMAGE=/boot/vmlinuz-4.4.0-92-generic root=LABEL=cloudimg-rootfs ro console=tty1 console=ttyS0
[    0.000000] KERNEL supported cpus:
[    0.000000]   Intel GenuineIntel
[    0.000000]   AMD AuthenticAMD
[    0.000000]   Centaur CentaurHauls
[    0.000000] ------------[ cut here ]------------
[    0.000000] WARNING: CPU: 0 PID: 0 at /build/linux-hVVhWi/linux-4.4.0/arch/x86/kernel/fpu/xstate.c:517 fpu__init_system_xstate+0x38b/0x75a()
[    0.000000] XSAVE consistency problem, dumping leaves
[    0.000000] Modules linked in:
[    0.000000] CPU: 0 PID: 0 Comm: swapper Not tainted 4.4.0-92-generic #115-Ubuntu
[    0.000000]  0000000000000086 c7b4c0fbd8bc0f7a ffffffff81e03d80 ffffffff813f9c83
[    0.000000]  ffffffff81e03dc8 ffffffff81caa208 ffffffff81e03db8 ffffffff81081312
[    0.000000]  ffffffff81e03e48 ffffffff81e03e4c 0000000000000008 0000000000000100
[    0.000000] Call Trace:
[    0.000000]  [<ffffffff813f9c83>] dump_stack+0x63/0x90
[    0.000000]  [<ffffffff81081312>] warn_slowpath_common+0x82/0xc0
[    0.000000]  [<ffffffff810813ac>] warn_slowpath_fmt+0x5c/0x80
[    0.000000]  [<ffffffff8107d020>] ? xfeature_size+0x59/0x77
[    0.000000]  [<ffffffff81f6d206>] fpu__init_system_xstate+0x38b/0x75a
[    0.000000]  [<ffffffff81f5d120>] ? early_idt_handler_array+0x120/0x120
[    0.000000]  [<ffffffff81f6cb71>] fpu__init_system+0x10d/0x245
[    0.000000]  [<ffffffff81f6dc7a>] early_cpu_init+0x139/0x13e
[    0.000000]  [<ffffffff81f6dc7a>] ? early_cpu_init+0x139/0x13e
[    0.000000]  [<ffffffff81f69181>] setup_arch+0xb4/0xcf1
[    0.000000]  [<ffffffff81f5d120>] ? early_idt_handler_array+0x120/0x120
[    0.000000]  [<ffffffff81f5dc74>] start_kernel+0xe4/0x4a2
[    0.000000]  [<ffffffff81f5d120>] ? early_idt_handler_array+0x120/0x120
[    0.000000]  [<ffffffff81f5d339>] x86_64_start_reservations+0x2a/0x2c
[    0.000000]  [<ffffffff81f5d485>] x86_64_start_kernel+0x14a/0x16d
[    0.000000] ---[ end trace 4d5ff9f2f68c4233 ]---
[    0.000000] CPUID[0d, 00]: eax=00000007 ebx=00000440 ecx=00000440 edx=00000000
[    0.000000] CPUID[0d, 01]: eax=00000000 ebx=00000440 ecx=00000000 edx=00000000
[    0.000000] CPUID[0d, 02]: eax=00000100 ebx=00000240 ecx=00000000 edx=00000000
[    0.000000] CPUID[0d, 03]: eax=00000000 ebx=00000000 ecx=00000000 edx=00000000
[    0.000000] CPUID[0d, 04]: eax=00000000 ebx=00000000 ecx=00000000 edx=00000000
[    0.000000] CPUID[0d, 05]: eax=00000000 ebx=00000000 ecx=00000000 edx=00000000
[    0.000000] CPUID[0d, 06]: eax=00000000 ebx=00000000 ecx=00000000 edx=00000000
[    0.000000] CPUID[0d, 07]: eax=00000000 ebx=00000000 ecx=00000000 edx=00000000
[    0.000000] CPUID[0d, 08]: eax=00000000 ebx=00000000 ecx=00000000 edx=00000000
[    0.000000] CPUID[0d, 09]: eax=00000000 ebx=00000000 ecx=00000000 edx=00000000
[    0.000000] CPUID[0d, 0a]: eax=00000000 ebx=00000000 ecx=00000000 edx=00000000
[    0.000000] CPUID[0d, 0b]: eax=00000000 ebx=00000000 ecx=00000000 edx=00000000
[    0.000000] CPUID[0d, 0c]: eax=00000000 ebx=00000000 ecx=00000000 edx=00000000
[    0.000000] CPUID[0d, 0d]: eax=00000000 ebx=00000000 ecx=00000000 edx=00000000
[    0.000000] CPUID[0d, 0e]: eax=00000000 ebx=00000000 ecx=00000000 edx=00000000
[    0.000000] CPUID[0d, 0f]: eax=00000000 ebx=00000000 ecx=00000000 edx=00000000
[    0.000000] CPUID[0d, 10]: eax=00000000 ebx=00000000 ecx=00000000 edx=00000000
[    0.000000] CPUID[0d, 11]: eax=00000000 ebx=00000000 ecx=00000000 edx=00000000
[    0.000000] x86/fpu: xstate_offset[2]:  576, xstate_sizes[2]:  256
[    0.000000] x86/fpu: Supporting XSAVE feature 0x01: 'x87 floating point registers'
[    0.000000] x86/fpu: Supporting XSAVE feature 0x02: 'SSE registers'
[    0.000000] x86/fpu: Supporting XSAVE feature 0x04: 'AVX registers'
[    0.000000] x86/fpu: Enabled xstate features 0x7, context size is 1088 bytes, using 'standard' format.
[    0.000000] x86/fpu: Using 'lazy' FPU context switches.
[    0.000000] e820: BIOS-provided physical RAM map:
[    0.000000] BIOS-e820: [mem 0x0000000000000000-0x000000000009fbff] usable
[    0.000000] BIOS-e820: [mem 0x000000000009fc00-0x000000000009ffff] reserved
[    0.000000] BIOS-e820: [mem 0x00000000000f0000-0x00000000000fffff] reserved
[    0.000000] BIOS-e820: [mem 0x0000000000100000-0x000000003ffeffff] usable
[    0.000000] BIOS-e820: [mem 0x000000003fff0000-0x000000003fffffff] ACPI data
[    0.000000] BIOS-e820: [mem 0x00000000fec00000-0x00000000fec00fff] reserved
[    0.000000] BIOS-e820: [mem 0x00000000fee00000-0x00000000fee00fff] reserved
[    0.000000] BIOS-e820: [mem 0x00000000fffc0000-0x00000000ffffffff] reserved
[    0.000000] NX (Execute Disable) protection: active
[    0.000000] SMBIOS 2.5 present.
[    0.000000] Hypervisor detected: KVM
[    0.000000] e820: last_pfn = 0x3fff0 max_arch_pfn = 0x400000000
[    0.000000] MTRR: Disabled
[    0.000000] x86/PAT: MTRRs disabled, skipping PAT initialization too.
[    0.000000] x86/PAT: Configuration [0-7]: WB  WT  UC- UC  WB  WT  UC- UC  
[    0.000000] CPU MTRRs all blank - virtualized system.
[    0.000000] found SMP MP-table at [mem 0x0009fff0-0x0009ffff] mapped at [ffff88000009fff0]
[    0.000000] Scanning 1 areas for low memory corruption
[    0.000000] RAMDISK: [mem 0x36ac8000-0x3755bfff]
[    0.000000] ACPI: Early table checksum verification disabled
[    0.000000] ACPI: RSDP 0x00000000000E0000 000024 (v02 VBOX  )
[    0.000000] ACPI: XSDT 0x000000003FFF0030 00003C (v01 VBOX   VBOXXSDT 00000001 ASL  00000061)
[    0.000000] ACPI: FACP 0x000000003FFF00F0 0000F4 (v04 VBOX   VBOXFACP 00000001 ASL  00000061)
[    0.000000] ACPI: DSDT 0x000000003FFF0470 0021C8 (v02 VBOX   VBOXBIOS 00000002 INTL 20100528)
[    0.000000] ACPI: FACS 0x000000003FFF0200 000040
[    0.000000] ACPI: FACS 0x000000003FFF0200 000040
[    0.000000] ACPI: APIC 0x000000003FFF0240 00005C (v02 VBOX   VBOXAPIC 00000001 ASL  00000061)
[    0.000000] ACPI: SSDT 0x000000003FFF02A0 0001CC (v01 VBOX   VBOXCPUT 00000002 INTL 20100528)
[    0.000000] No NUMA configuration found
[    0.000000] Faking a node at [mem 0x0000000000000000-0x000000003ffeffff]
[    0.000000] NODE_DATA(0) allocated [mem 0x3ffeb000-0x3ffeffff]
[    0.000000] kvm-clock: Using msrs 4b564d01 and 4b564d00
[    0.000000] kvm-clock: cpu 0, msr 0:3ffe3001, primary cpu clock
[    0.000000] kvm-clock: using sched offset of 3038444701 cycles
[    0.000000] clocksource: kvm-clock: mask: 0xffffffffffffffff max_cycles: 0x1cd42e4dffb, max_idle_ns: 881590591483 ns
[    0.000000] Zone ranges:
[    0.000000]   DMA      [mem 0x0000000000001000-0x0000000000ffffff]
[    0.000000]   DMA32    [mem 0x0000000001000000-0x000000003ffeffff]
[    0.000000]   Normal   empty
[    0.000000]   Device   empty
[    0.000000] Movable zone start for each node
[    0.000000] Early memory node ranges
[    0.000000]   node   0: [mem 0x0000000000001000-0x000000000009efff]
[    0.000000]   node   0: [mem 0x0000000000100000-0x000000003ffeffff]
[    0.000000] Initmem setup node 0 [mem 0x0000000000001000-0x000000003ffeffff]
[    0.000000] ACPI: PM-Timer IO Port: 0x4008
[    0.000000] IOAPIC[0]: apic_id 2, version 32, address 0xfec00000, GSI 0-23
[    0.000000] ACPI: INT_SRC_OVR (bus 0 bus_irq 0 global_irq 2 dfl dfl)
[    0.000000] ACPI: INT_SRC_OVR (bus 0 bus_irq 9 global_irq 9 high level)
[    0.000000] Using ACPI (MADT) for SMP configuration information
[    0.000000] smpboot: Allowing 2 CPUs, 0 hotplug CPUs
[    0.000000] PM: Registered nosave memory: [mem 0x00000000-0x00000fff]
[    0.000000] PM: Registered nosave memory: [mem 0x0009f000-0x0009ffff]
[    0.000000] PM: Registered nosave memory: [mem 0x000a0000-0x000effff]
[    0.000000] PM: Registered nosave memory: [mem 0x000f0000-0x000fffff]
[    0.000000] e820: [mem 0x40000000-0xfebfffff] available for PCI devices
[    0.000000] Booting paravirtualized kernel on KVM
[    0.000000] clocksource: refined-jiffies: mask: 0xffffffff max_cycles: 0xffffffff, max_idle_ns: 7645519600211568 ns
[    0.000000] setup_percpu: NR_CPUS:512 nr_cpumask_bits:512 nr_cpu_ids:2 nr_node_ids:1
[    0.000000] PERCPU: Embedded 33 pages/cpu @ffff88003fc00000 s98264 r8192 d28712 u1048576
[    0.000000] PV qspinlock hash table entries: 256 (order: 0, 4096 bytes)
[    0.000000] Built 1 zonelists in Node order, mobility grouping on.  Total pages: 257913
[    0.000000] Policy zone: DMA32
[    0.000000] Kernel command line: BOOT_IMAGE=/boot/vmlinuz-4.4.0-92-generic root=LABEL=cloudimg-rootfs ro console=tty1 console=ttyS0
[    0.000000] PID hash table entries: 4096 (order: 3, 32768 bytes)
[    0.000000] Memory: 1001744K/1048120K available (8474K kernel code, 1294K rwdata, 3984K rodata, 1488K init, 1316K bss, 46376K reserved, 0K cma-reserved)
[    0.000000] SLUB: HWalign=64, Order=0-3, MinObjects=0, CPUs=2, Nodes=1
[    0.000000] Hierarchical RCU implementation.
[    0.000000] 	Build-time adjustment of leaf fanout to 64.
[    0.000000] 	RCU restricting CPUs from NR_CPUS=512 to nr_cpu_ids=2.
[    0.000000] RCU: Adjusting geometry for rcu_fanout_leaf=64, nr_cpu_ids=2
[    0.000000] NR_IRQS:33024 nr_irqs:440 16
[    0.000000] Console: colour VGA+ 80x25
[    0.000000] console [tty1] enabled
[    0.000000] console [ttyS0] enabled
[    0.000000] tsc: Detected 2808.000 MHz processor
[    6.544978] Calibrating delay loop (skipped) preset value.. 5616.00 BogoMIPS (lpj=11232000)
[    6.546486] pid_max: default: 32768 minimum: 301
[    6.553701] ACPI: Core revision 20150930
[    6.555292] ACPI: 2 ACPI AML tables successfully acquired and loaded
[    6.556473] Security Framework initialized
[    6.557198] Yama: becoming mindful.
[    6.623855] AppArmor: AppArmor initialized
[    6.679783] Dentry cache hash table entries: 131072 (order: 8, 1048576 bytes)
[    6.746431] Inode-cache hash table entries: 65536 (order: 7, 524288 bytes)
[    6.748575] Mount-cache hash table entries: 2048 (order: 2, 16384 bytes)
[    6.758886] Mountpoint-cache hash table entries: 2048 (order: 2, 16384 bytes)
[    6.773144] Initializing cgroup subsys io
[    6.774038] Initializing cgroup subsys memory
[    6.801642] Initializing cgroup subsys devices
[    6.822185] Initializing cgroup subsys freezer
[    6.900703] Initializing cgroup subsys net_cls
[    6.958753] Initializing cgroup subsys perf_event
[    6.959553] Initializing cgroup subsys net_prio
[    6.960309] Initializing cgroup subsys hugetlb
[    6.961076] Initializing cgroup subsys pids
[    6.961869] CPU: Physical Processor ID: 0
[    6.980124] CPU: Processor Core ID: 0
[    6.982363] mce: CPU supports 0 MCE banks
[    6.990865] Last level iTLB entries: 4KB 64, 2MB 8, 4MB 8
[    6.991752] Last level dTLB entries: 4KB 64, 2MB 0, 4MB 0, 1GB 4
[    7.019326] Freeing SMP alternatives memory: 32K (ffffffff820b9000 - ffffffff820c1000)
[    7.159297] ftrace: allocating 32131 entries in 126 pages
[    7.264887] smpboot: APIC(0) Converting physical 0 to logical package 0
[    7.373836] smpboot: Max logical packages: 1
[    7.411000] x2apic enabled
[    7.455108] Switched APIC routing to physical x2apic.
[    7.518634] ..TIMER: vector=0x30 apic1=0 pin1=2 apic2=-1 pin2=-1
[    7.732965] smpboot: CPU0: Intel(R) Core(TM) i7-6600U CPU @ 2.60GHz (family: 0x6, model: 0x4e, stepping: 0x3)
[    7.841499] Performance Events: unsupported p6 CPU model 78 no PMU driver, software events only.
[    7.891948] KVM setup paravirtual spinlock
[    7.895161] x86: Booting SMP configuration:
[    7.960657] .... node  #0, CPUs:      #1
[    8.028116] kvm-clock: cpu 1, msr 0:3ffe3041, secondary cpu clock
[    8.049360] mce: CPU supports 0 MCE banks
[    8.074388] x86: Booted up 1 node, 2 CPUs
[    8.118635] smpboot: Total of 2 processors activated (11232.00 BogoMIPS)
[    8.195714] devtmpfs: initialized
[    8.237904] evm: security.selinux
[    8.252141] evm: security.SMACK64
[    8.279652] evm: security.SMACK64EXEC
[    8.323272] evm: security.SMACK64TRANSMUTE
[    8.335038] evm: security.SMACK64MMAP
[    8.379117] evm: security.ima
[    8.391690] evm: security.capability
[    8.392597] clocksource: jiffies: mask: 0xffffffff max_cycles: 0xffffffff, max_idle_ns: 7645041785100000 ns
[    8.397612] futex hash table entries: 512 (order: 3, 32768 bytes)
[    8.398661] pinctrl core: initialized pinctrl subsystem
[    8.401047] RTC time:  2:16:02, date: 01/04/18
[    8.445810] NET: Registered protocol family 16
[    8.497170] cpuidle: using governor ladder
[    8.531571] cpuidle: using governor menu
[    8.584599] PCCT header not found.
[    8.612542] ACPI: bus type PCI registered
[    8.650745] acpiphp: ACPI Hot Plug PCI Controller Driver version: 0.5
[    8.654339] PCI: Using configuration type 1 for base access
[    8.668619] ACPI: Added _OSI(Module Device)
[    8.719369] ACPI: Added _OSI(Processor Device)
[    8.770262] ACPI: Added _OSI(3.0 _SCP Extensions)
[    8.814956] ACPI: Added _OSI(Processor Aggregator Device)
[    8.873439] ACPI: Executed 1 blocks of module-level executable AML code
[    8.910174] ACPI: Interpreter enabled
[    8.922696] ACPI: (supports S0 S5)
[    8.951954] ACPI: Using IOAPIC for interrupt routing
[    8.965602] PCI: Using host bridge windows from ACPI; if necessary, use "pci=nocrs" and report a bug
[    9.047307] ACPI: PCI Root Bridge [PCI0] (domain 0000 [bus 00-ff])
[    9.142137] acpi PNP0A03:00: _OSC: OS supports [ASPM ClockPM Segments MSI]
[    9.232289] acpi PNP0A03:00: _OSC failed (AE_NOT_FOUND); disabling ASPM
[    9.237116] acpi PNP0A03:00: fail to add MMCONFIG information, can't access extended PCI configuration space under this bridge.
[    9.302623] PCI host bridge to bus 0000:00
[    9.303330] pci_bus 0000:00: root bus resource [io  0x0000-0x0cf7 window]
[    9.391206] pci_bus 0000:00: root bus resource [io  0x0d00-0xffff window]
[    9.414466] pci_bus 0000:00: root bus resource [mem 0x000a0000-0x000bffff window]
[    9.425592] pci_bus 0000:00: root bus resource [mem 0x40000000-0xffdfffff window]
[    9.427989] pci_bus 0000:00: root bus resource [bus 00-ff]
[    9.430239] pci 0000:00:01.1: legacy IDE quirk: reg 0x10: [io  0x01f0-0x01f7]
[    9.456759] pci 0000:00:01.1: legacy IDE quirk: reg 0x14: [io  0x03f6]
[    9.540164] pci 0000:00:01.1: legacy IDE quirk: reg 0x18: [io  0x0170-0x0177]
[    9.566536] pci 0000:00:01.1: legacy IDE quirk: reg 0x1c: [io  0x0376]
[    9.674418] pci 0000:00:07.0: quirk: [io  0x4000-0x403f] claimed by PIIX4 ACPI
[    9.748479] pci 0000:00:07.0: quirk: [io  0x4100-0x410f] claimed by PIIX4 SMB
[    9.834247] ACPI: PCI Interrupt Link [LNKA] (IRQs 5 9 10 *11)
[    9.911741] ACPI: PCI Interrupt Link [LNKB] (IRQs 5 9 10 *11)
[    9.928098] ACPI: PCI Interrupt Link [LNKC] (IRQs 5 9 *10 11)
[    9.940022] ACPI: PCI Interrupt Link [LNKD] (IRQs 5 *9 10 11)
[    9.988323] ACPI: Enabled 2 GPEs in block 00 to 07
[   10.007221] vgaarb: setting as boot device: PCI:0000:00:02.0
[   10.027098] vgaarb: device added: PCI:0000:00:02.0,decodes=io+mem,owns=io+mem,locks=none
[   10.037137] vgaarb: loaded
[   10.039387] vgaarb: bridge control possible 0000:00:02.0
[   10.041537] SCSI subsystem initialized
[   10.087104] ACPI: bus type USB registered
[   10.137851] usbcore: registered new interface driver usbfs
[   10.200958] usbcore: registered new interface driver hub
[   10.269878] usbcore: registered new device driver usb
[   10.288634] PCI: Using ACPI for IRQ routing
[   10.328845] NetLabel: Initializing
[   10.388762] NetLabel:  domain hash size = 128
[   10.393370] NetLabel:  protocols = UNLABELED CIPSOv4
[   10.465658] NetLabel:  unlabeled traffic allowed by default
[   10.489783] amd_nb: Cannot enumerate AMD northbridges
[   10.490662] clocksource: Switched to clocksource kvm-clock
[   10.498157] AppArmor: AppArmor Filesystem Enabled
[   10.521828] pnp: PnP ACPI init
[   10.539878] pnp: PnP ACPI: found 3 devices
[   10.651688] clocksource: acpi_pm: mask: 0xffffff max_cycles: 0xffffff, max_idle_ns: 2085701024 ns
[   10.898073] NET: Registered protocol family 2
[   10.984365] TCP established hash table entries: 8192 (order: 4, 65536 bytes)
[   11.074536] TCP bind hash table entries: 8192 (order: 5, 131072 bytes)
[   11.102846] TCP: Hash tables configured (established 8192 bind 8192)
[   11.135805] UDP hash table entries: 512 (order: 2, 16384 bytes)
[   11.187277] UDP-Lite hash table entries: 512 (order: 2, 16384 bytes)
[   11.188284] NET: Registered protocol family 1
[   11.212226] pci 0000:00:00.0: Limiting direct PCI/PCI transfers
[   11.380846] pci 0000:00:01.0: Activating ISA DMA hang workarounds
[   11.517437] Unpacking initramfs...
[   13.211984] Freeing initrd memory: 10832K (ffff880036ac8000 - ffff88003755c000)
[   13.248263] platform rtc_cmos: registered platform RTC device (no PNP device found)
[   13.253616] Scanning for low memory corruption every 60 seconds
[   13.255432] audit: initializing netlink subsys (disabled)
[   13.297263] audit: type=2000 audit(1515032162.311:1): initialized
[   13.298584] Initialise system trusted keyring
[   13.299957] HugeTLB registered 2 MB page size, pre-allocated 0 pages
[   13.377848] zbud: loaded
[   13.393726] VFS: Disk quotas dquot_6.6.0
[   13.394456] VFS: Dquot-cache hash table entries: 512 (order 0, 4096 bytes)
[   13.411066] squashfs: version 4.0 (2009/01/31) Phillip Lougher
[   13.412320] fuse init (API version 7.23)
[   13.413192] Key type big_key registered
[   13.413870] Allocating IMA MOK and blacklist keyrings.
[   13.416024] Key type asymmetric registered
[   13.416763] Asymmetric key parser 'x509' registered
[   13.417583] Block layer SCSI generic (bsg) driver version 0.4 loaded (major 249)
[   13.418899] io scheduler noop registered
[   13.419623] io scheduler deadline registered (default)
[   13.455381] io scheduler cfq registered
[   13.456186] pci_hotplug: PCI Hot Plug PCI Core version: 0.5
[   13.457127] pciehp: PCI Express Hot Plug Controller Driver version: 0.4
[   13.458294] ACPI: AC Adapter [AC] (on-line)
[   13.487461] input: Power Button as /devices/LNXSYSTM:00/LNXPWRBN:00/input/input0
[   13.488744] ACPI: Power Button [PWRF]
[   13.489455] input: Sleep Button as /devices/LNXSYSTM:00/LNXSLPBN:00/input/input1
[   13.490856] ACPI: Sleep Button [SLPF]
[   13.491687] GHES: HEST is not enabled!
[   13.492208] ACPI: Battery Slot [BAT0] (battery present)
[   13.508539] Serial: 8250/16550 driver, 32 ports, IRQ sharing enabled
[   13.531280] 00:02: ttyS0 at I/O 0x3f8 (irq = 4, base_baud = 115200) is a 16550A
[   13.633192] Linux agpgart interface v0.103
[   13.665817] loop: module loaded
[   13.675772] scsi host0: ata_piix
[   13.729524] scsi host1: ata_piix
[   13.811113] ata1: PATA max UDMA/33 cmd 0x1f0 ctl 0x3f6 bmdma 0xd000 irq 14
[   13.923462] ata2: PATA max UDMA/33 cmd 0x170 ctl 0x376 bmdma 0xd008 irq 15
[   14.026653] libphy: Fixed MDIO Bus: probed
[   14.111512] tun: Universal TUN/TAP device driver, 1.6
[   14.157841] tun: (C) 1999-2004 Max Krasnyansky <maxk@qualcomm.com>
[   14.158922] PPP generic driver version 2.4.2
[   14.186087] ehci_hcd: USB 2.0 'Enhanced' Host Controller (EHCI) Driver
[   14.189677] ehci-pci: EHCI PCI platform driver
[   14.191918] ehci-platform: EHCI generic platform driver
[   14.192856] ohci_hcd: USB 1.1 'Open' Host Controller (OHCI) Driver
[   14.193915] ohci-pci: OHCI PCI platform driver
[   14.196250] ohci-platform: OHCI generic platform driver
[   14.197179] uhci_hcd: USB Universal Host Controller Interface driver
[   14.198324] i8042: PNP: PS/2 Controller [PNP0303:PS2K,PNP0f03:PS2M] at 0x60,0x64 irq 1,12
[   14.200359] serio: i8042 KBD port at 0x60,0x64 irq 1
[   14.202214] serio: i8042 AUX port at 0x60,0x64 irq 12
[   14.203172] mousedev: PS/2 mouse device common for all mice
[   14.204534] input: AT Translated Set 2 keyboard as /devices/platform/i8042/serio0/input/input2
[   14.247873] tsc: Refined TSC clocksource calibration: 2807.680 MHz
[   14.247875] clocksource: tsc: mask: 0xffffffffffffffff max_cycles: 0x28789798823, max_idle_ns: 440795206606 ns
[   14.306234] rtc_cmos rtc_cmos: rtc core: registered rtc_cmos as rtc0
[   14.328093] rtc_cmos rtc_cmos: alarms up to one day, 114 bytes nvram
[   14.397741] i2c /dev entries driver
[   14.398438] device-mapper: uevent: version 1.0.3
[   14.399418] device-mapper: ioctl: 4.34.0-ioctl (2015-10-28) initialised: dm-devel@redhat.com
[   14.400823] ledtrig-cpu: registered to indicate activity on CPUs
[   14.458124] NET: Registered protocol family 10
[   14.507995] NET: Registered protocol family 17
[   14.559342] Key type dns_resolver registered
[   14.613540] microcode: CPU0 sig=0x406e3, pf=0x2, revision=0x0
[   14.675124] microcode: CPU1 sig=0x406e3, pf=0x2, revision=0x0
[   14.676159] microcode: Microcode Update Driver: v2.01 <tigran@aivazian.fsnet.co.uk>, Peter Oruba
[   14.714011] registered taskstats version 1
[   14.748690] Loading compiled-in X.509 certificates
[   14.750025] Loaded X.509 cert 'Build time autogenerated kernel key: 01a2b0d0dba8d37a863918580fc16590a7d146c8'
[   14.751761] zswap: loaded using pool lzo/zbud
[   14.766846] Key type trusted registered
[   14.810320] Key type encrypted registered
[   14.834937] AppArmor: AppArmor sha1 policy hashing enabled
[   14.843756] ima: No TPM chip found, activating TPM-bypass!
[   14.844719] evm: HMAC attrs: 0x1
[   14.863678]   Magic number: 2:197:257
[   14.864471] rtc_cmos rtc_cmos: setting system clock to 2018-01-04 02:16:08 UTC (1515032168)
[   14.868679] BIOS EDD facility v0.16 2004-Jun-25, 0 devices found
[   14.869691] EDD information not available.
[   14.871517] Freeing unused kernel memory: 1488K (ffffffff81f45000 - ffffffff820b9000)
[   14.873999] Write protecting the kernel read-only data: 14336k
[   14.889195] Freeing unused kernel memory: 1752K (ffff88000184a000 - ffff880001a00000)
[   14.890841] Freeing unused kernel memory: 112K (ffff880001de4000 - ffff880001e00000)
Loading, please [   14.919560] random: systemd-udevd: uninitialized urandom read (16 bytes read, 3 bits of entropy available)
wait...
starting version 229
[   14.920149] random: udevadm: uninitialized urandom read (16 bytes read, 3 bits of entropy available)
[   14.920182] random: udevadm: uninitialized urandom read (16 bytes read, 3 bits of entropy available)
[   14.920320] random: udevadm: uninitialized urandom read (16 bytes read, 3 bits of entropy available)
[   14.920359] random: udevadm: uninitialized urandom read (16 bytes read, 3 bits of entropy available)
[   14.920395] random: udevadm: uninitialized urandom read (16 bytes read, 3 bits of entropy available)
[   14.920433] random: udevadm: uninitialized urandom read (16 bytes read, 3 bits of entropy available)
[   14.920468] random: udevadm: uninitialized urandom read (16 bytes read, 3 bits of entropy available)
[   14.920504] random: udevadm: uninitialized urandom read (16 bytes read, 3 bits of entropy available)
[   14.920539] random: udevadm: uninitialized urandom read (16 bytes read, 3 bits of entropy available)
[   15.456588] e1000: Intel(R) PRO/1000 Network Driver - version 7.3.21-k8-NAPI
[   15.463936] e1000: Copyright (c) 1999-2006 Intel Corporation.
[   15.470098] Fusion MPT base driver 3.04.20
[   15.494031] Copyright (c) 1999-2008 LSI Corporation
[   15.499635] Fusion MPT SPI Host driver 3.04.20
[   15.538899] AVX version of gcm_enc/dec engaged.
[   15.565023] AES CTR mode by8 optimization enabled
[   15.667827] input: ImExPS/2 Generic Explorer Mouse as /devices/platform/i8042/serio1/input/input4
[   15.845268] e1000 0000:00:03.0 eth0: (PCI:33MHz:32-bit) 02:21:85:d0:49:10
[   15.947229] e1000 0000:00:03.0 eth0: Intel(R) PRO/1000 Network Connection
[   16.015592] e1000 0000:00:03.0 enp0s3: renamed from eth0
[   16.094880] mptbase: ioc0: Initiating bringup
[   16.263495] ioc0: LSI53C1030 A0: Capabilities={Initiator}
[   16.577217] scsi host2: ioc0: LSI53C1030 A0, FwRev=00000000h, Ports=1, MaxQ=256, IRQ=20
[   16.880504] scsi 2:0:0:0: Direct-Access     VBOX     HARDDISK         1.0  PQ: 0 ANSI: 5
[   16.941985] scsi target2:0:0: Beginning Domain Validation
[   16.976919] scsi target2:0:0: Domain Validation skipping write tests
[   17.152210] scsi target2:0:0: Ending Domain Validation
[   17.248338] scsi target2:0:0: asynchronous
[   17.283198] scsi 2:0:1:0: Direct-Access     VBOX     HARDDISK         1.0  PQ: 0 ANSI: 5
[   17.434694] scsi target2:0:1: Beginning Domain Validation
[   17.495453] scsi target2:0:1: Domain Validation skipping write tests
[   17.646640] scsi target2:0:1: Ending Domain Validation
[   17.694837] scsi target2:0:1: asynchronous
[   17.726431] sd 2:0:0:0: Attached scsi generic sg0 type 0
[   17.785448] sd 2:0:1:0: Attached scsi generic sg1 type 0
[   17.785555] sd 2:0:0:0: [sda] 20971520 512-byte logical blocks: (10.7 GB/10.0 GiB)
[   17.843007] sd 2:0:1:0: [sdb] 20480 512-byte logical blocks: (10.5 MB/10.0 MiB)
[   17.948784] sd 2:0:0:0: [sda] Write Protect is off
[   18.041106] sd 2:0:0:0: [sda] Incomplete mode parameter data
[   18.117089] sd 2:0:0:0: [sda] Assuming drive cache: write through
[   18.117130] sd 2:0:1:0: [sdb] Write Protect is off
[   18.117262] sd 2:0:1:0: [sdb] Incomplete mode parameter data
[   18.117263] sd 2:0:1:0: [sdb] Assuming drive cache: write through
[   18.120417] sd 2:0:1:0: [sdb] Attached SCSI disk
[   18.391720]  sda: sda1
[   18.399180] sd 2:0:0:0: [sda] Attached SCSI disk
[   18.498899] floppy0: no floppy controllers found
Begin: Loading e[   19.867774] md: linear personality registered for level -1
ssential drivers[   19.961189] md: multipath personality registered for level -4
 ... [   20.049183] md: raid0 personality registered for level 0
[   20.124149] md: raid1 personality registered for level 1
[   20.247226] raid6: sse2x1   gen()  8195 MB/s
[   20.387416] raid6: sse2x1   xor()  5963 MB/s
[   20.510825] raid6: sse2x2   gen()  9443 MB/s
[   20.651211] raid6: sse2x2   xor()  7714 MB/s
[   20.770979] raid6: sse2x4   gen()  9365 MB/s
[   20.891033] raid6: sse2x4   xor()  8411 MB/s
[   20.898448] raid6: using algorithm sse2x2 gen() 9443 MB/s
[   20.907698] raid6: .... xor() 7714 MB/s, rmw enabled
[   20.908502] raid6: using ssse3x2 recovery algorithm
[   20.917350] xor: automatically using best checksumming function:
[   21.055061]    avx       : 20640.000 MB/sec
[   21.132345] async_tx: api initialized (async)
[   21.150882] md: raid6 personality registered for level 6
[   21.178673] md: raid5 personality registered for level 5
[   21.179602] md: raid4 personality registered for level 4
[   21.184576] md: raid10 personality registered for level 10
done.
Begin: Running /scripts/init-p[   21.216152] Btrfs loaded
remount ... done.
Begin: Mounting root file system ... Begin: R[   21.264096] EXT4-fs (sda1): mounted filesystem with ordered data mode. Opts: (null)
unning /scripts/local-top ... done.
Begin: Running /scripts/local-premount ... Scanning for Btrfs filesystems
done.
Warning: fsck not present, so skipping root file system
done.
Begin: Running /scripts/local-bottom ... done.
Begin: Running /scripts/init-bottom ... done.
[   21.361638] systemd[1]: systemd 229 running in system mode. (+PAM +AUDIT +SELINUX +IMA +APPARMOR +SMACK +SYSVINIT +UTMP +LIBCRYPTSETUP +GCRYPT +GNUTLS +ACL +XZ -LZ4 +SECCOMP +BLKID +ELFUTILS +KMOD -IDN)
[   21.639613] systemd[1]: Detected virtualization oracle.
[   21.676314] systemd[1]: Detected architecture x86-64.

Welcome to [1mUbuntu 16.04.3 LTS[0m!

[   21.784021] systemd[1]: Set hostname to <ubuntu>.
[   21.790035] systemd[1]: Initializing machine ID from random generator.
[   21.802175] systemd[1]: Installed transient /etc/machine-id file.
[   21.924397] systemd[1]: Started Forward Password Requests to Wall Directory Watch.
[[0;32m  OK  [0m] Started Forward Password Requests to Wall Directory Watch.
[   21.959199] systemd[1]: Started Trigger resolvconf update for networkd DNS.
[[0;32m  OK  [0m] Started Trigger resolvconf update for networkd DNS.
[   22.051995] systemd[1]: Listening on Journal Socket.
[[0;32m  OK  [0m] Listening on Journal Socket.
[   22.091702] systemd[1]: Listening on Journal Audit Socket.
[[0;32m  OK  [0m] Listening on Journal Audit Socket.
[   22.107066] systemd[1]: Listening on LVM2 poll daemon socket.
[[0;32m  OK  [0m] Listening on LVM2 poll daemon socket.
[   22.136138] systemd[1]: Listening on Journal Socket (/dev/log).
[[0;32m  OK  [0m] Listening on Journal Socket (/dev/log).
[   22.211629] systemd[1]: Listening on LVM2 metadata daemon socket.
[[0;32m  OK  [0m] Listening on LVM2 metadata daemon socket.
[   22.279474] systemd[1]: Set up automount Arbitrary Executable File Formats File System Automount Point.
[[0;32m  OK  [0m] Set up automount Arbitrary Executab...ats File System Automount Point.
[   22.587816] systemd[1]: Listening on udev Control Socket.
[[0;32m  OK  [0m] Listening on udev Control Socket.
[   22.771830] systemd[1]: Listening on Syslog Socket.
[[0;32m  OK  [0m] Listening on Syslog Socket.
[   22.893771] systemd[1]: Created slice System Slice.
[[0;32m  OK  [0m] Created slice System Slice.
[   22.956151] systemd[1]: Starting Nameserver information manager...
         Starting Nameserver information manager...
[   23.039330] systemd[1]: Mounting Huge Pages File System...
         Mounting Huge Pages File System...
[   23.188411] random: nonblocking pool is initialized
[   23.250858] systemd[1]: Starting Uncomplicated firewall...
         Starting Uncomplicated firewall...
[   23.399463] systemd[1]: Starting Load Kernel Modules...
         Startin[   23.416684] Loading iSCSI transport class v2.0-870.
g Load Kernel Mo[   23.459545] iscsi: registered transport (tcp)
dules...
[   23.531030] systemd[1]: Created slice system-serial\x2dgetty.slice.
[[0;32m  OK  [[   23.544337] iscsi: registered transport (iser)
0m] Created slice system-serial\x2dgetty.slice.
[   23.695149] systemd[1]: Starting Create list of required static device nodes for the current kernel...
         Starting Create list of required st... nodes for the current kernel...
[   23.951314] systemd[1]: Starting Journal Service...
         Starting Journal Service...
[   23.994927] systemd[1]: Listening on Device-mapper event daemon FIFOs.
[[0;32m  OK  [0m] Listening on Device-mapper event daemon FIFOs.
[   24.231094] systemd[1]: Starting Monitoring of LVM2 mirrors, snapshots etc. using dmeventd or progress polling...
         Starting Monitoring of LVM2 mirrors... dmeventd or progress polling...
[   24.379234] systemd[1]: Mounting POSIX Message Queue File System...
         Mounting POSIX Message Queue File System...
[   24.511001] systemd[1]: Mounting Debug File System...
         Mounting Debug File System...
[   24.627048] systemd[1]: Reached target Encrypted Volumes.
[[0;32m  OK  [0m] Reached target Encrypted Volumes.
[   24.811382] systemd[1]: Listening on udev Kernel Socket.
[[0;32m  OK  [0m] Listening on udev Kernel Socket.
[   24.956310] systemd[1]: Created slice User and Session Slice.
[[0;32m  OK  [0m] Created slice User and Session Slice.
[   25.011269] systemd[1]: Reached target Slices.
[[0;32m  OK  [0m] Reached target Slices.
[   25.023410] systemd[1]: Starting Remount Root and Kernel File Systems...
[   25.028063] EXT4-fs (sda1): re-mounted. Opts: (null)
         Starting Remount Root and Kernel File Systems...
[   25.071662] systemd[1]: Starting Set console keymap...
         Starting Set console keymap...
[   25.186967] systemd[1]: Reached target User and Group Name Lookups.
[[0;32m  OK  [0m] Reached target User and Group Name Lookups.
[   25.364869] systemd[1]: Reached target Swap.
[[0;32m  OK  [0m] Reached target Swap.
[   25.487291] systemd[1]: Listening on /dev/initctl Compatibility Named Pipe.
[[0;32m  OK  [0m] Listening on /dev/initctl Compatibility Named Pipe.
[   25.672321] systemd[1]: Mounted Debug File System.
[[0;32m  OK  [0m] Mounted Debug File System.
[   25.795177] systemd[1]: Mounted POSIX Message Queue File System.
[[0;32m  OK  [0m] Mounted POSIX Message Queue File System.
[   25.990941] systemd[1]: Mounted Huge Pages File System.
[[0;32m  OK  [0m] Mounted Huge Pages File System.
[   26.087420] systemd[1]: Started Journal Service.
[[0;32m  OK  [0m] Started Journal Service.
[[0;32m  OK  [0m] Started Uncomplicated firewall.
[[0;32m  OK  [0m] Started Load Kernel Modules.
[[0;32m  OK  [0m] Started Create list of required sta...ce nodes for the current kernel.
[[0;32m  OK  [0m] Started Remount Root and Kernel File Systems.
[[0;32m  OK  [0m] Started Set console keymap.
[[0;32m  OK  [0m] Started Nameserver information manager.
[[0;32m  OK  [0m] Started LVM2 metadata daemon.
         Starting udev Coldplug all Devices...
         Starting Initial cloud-init job (pre-networking)...
         Starting Load/Save Random Seed...
         Starting Create Static Device Nodes in /dev...
         Starting Apply Kernel Variables...
         Mounting FUSE Control File System...
         Starting Flush Journal to Persistent Storage...
[[0;32m  OK  [0m] Mounted FUSE Control File System.
[[0;32m  OK  [0m] Started Load/Save Random Seed.
[[0;32m  OK  [0m] Started Create Static Device Nodes in /dev.
[[0;32m  OK  [0m] Started Apply Kernel Variables.
[[0;32m  OK  [0m] Started udev Coldplug all Devices.
[[0;32m  OK  [0m] Started Flush Journal to Persistent Storage.
         Starting udev Kernel Device Manager...
[[0;32m  OK  [0m] Started udev Kernel Device Manager.
[[0;32m  OK  [0m] Started Dispatch Password Requests to Console Directory Watch.
[[0;32m  OK  [0m] Found device /dev/ttyS0.
[[0;32m  OK  [0m] Started Monitoring of LVM2 mirrors,...ng dmeventd or progress polling.
[[0;32m  OK  [0m] Reached target Local File Systems (Pre).
[[0;32m  OK  [0m] Reached target Local File Systems.
         Starting LSB: AppArmor initialization...
         Starting Create Volatile Files and Directories...
         Starting Tell Plymouth To Write Out Runtime Data...
         Starting Set console font and keymap...
         Starting Commit a transient machine-id on disk...
[[0;32m  OK  [0m] Started Create Volatile Files and Directories.
[[0;32m  OK  [0m] Started Tell Plymouth To Write Out Runtime Data.
[[0;32m  OK  [0m] Listening on Load/Save RF Kill Switch Status /dev/rfkill Watch.
[   17.705505] cloud-init[439]: Cloud-init v. 0.7.9 running 'init-local' at Thu, 04 Jan 2018 02:16:20 +0000. Up 17.39 seconds.
         Starting Update UTMP about System Boot/Shutdown...
[[0;32m  OK  [0m] Reached target System Time Synchronized.
[[0;32m  OK  [0m] Started LSB: AppArmor initialization.
[[0;32m  OK  [0m] Started Commit a transient machine-id on disk.
[[0;32m  OK  [0m] Started Initial cloud-init job (pre-networking).
[[0;32m  OK  [0m] Started Update UTMP about System Boot/Shutdown.
[[0;32m  OK  [0m] Started Set console font and keymap.
[[0;32m  OK  [0m] Created slice system-getty.slice.
[[0;32m  OK  [0m] Reached target Network (Pre).
         Starting Raise network interfaces...
[[0;32m  OK  [0m] Started Raise network interfaces.
         Starting Initial cloud-init job (metadata service crawler)...
[[0;32m  OK  [0m] Reached target Network.
[   21.161036] cloud-init[919]: Cloud-init v. 0.7.9 running 'init' at Thu, 04 Jan 2018 02:16:24 +0000. Up 20.68 seconds.
[[0;32m  OK  [0m] Started Initial cloud-init job (metadata service crawler).
[[   21.308163] cloud-init[919]: ci-info: +++++++++++++++++++++++++++++++++++++Net device info++++++++++++++++++++++++++++++++++++++
[   21.377894] cloud-init[919]: ci-info: +--------+------+----------------------------+---------------+-------+-------------------+
[0;32m  OK  [0m] Reached target System Initialization.
[   21.377968] cloud-init[919]: ci-info: | Device |  Up  |          Address           |      Mask     | Scope |     Hw-Address    |
[   21.740829] cloud-init[919]: ci-info: +--------+------+----------------------------+---------------+-------+-------------------+
[   21.741712] cloud-init[919]: ci-info: | enp0s3 | True |         10.0.2.15          | 255.255.255.0 |   .   | 02:21:85:d0:49:10 |
[[0;32m  OK  [0m] Started ACPI Events Check.
[[   21.742119] cloud-init[919]: ci-info: | enp0s3 | True | fe80::21:85ff:fed0:4910/64 |       .       |  link | 02:21:85:d0:49:10 |
[   22.043304] cloud-init[919]: ci-info: |   lo   | True |         127.0.0.1          |   255.0.0.0   |   .   |         .         |
[0;32m  OK  [0m] Reached target Paths.
[[   22.043655] cloud-init[919]: ci-info: |   lo   | True |          ::1/128           |       .       |  host |         .         |
[   22.197525] cloud-init[919]: ci-info: +--------+------+----------------------------+---------------+-------+-------------------+
[0;32m  OK  [0m] Listening on UUID daemon activation socket.
[   22.197669] cloud-init[919]: ci-info: +++++++++++++++++++++++++++Route IPv4 info++++++++++++++++++++++++++++
[   22.522287] cloud-init[919]: ci-info: +-------+-------------+----------+---------------+-----------+-------+
[[0;32m  OK  [0m] Listening on ACPID Listen Socket.
[   22.522857] cloud-init[919]: ci-info: | Route | Destination | Gateway  |    Genmask    | Interface | Flags |
[   22.665226] cloud-init[919]: ci-info: +-------+-------------+----------+---------------+-----------+-------+
[[0;32m  OK  [0m] Started Timer to automatically refresh installed snaps.
[   22.665403] cloud-init[919]: ci-info: |   0   |   0.0.0.0   | 10.0.2.2 |    0.0.0.0    |   enp0s3  |   UG  |
[   22.957016] cloud-init[919]: ci-info: |   1   |   10.0.2.0  | 0.0.0.0  | 255.255.255.0 |   enp0s3  |   U   |
[   22.958370] cloud-init[919]: ci-info: +-------+-------------+----------+---------------+-----------+-------+
         Starting Socket activation for snappy daemon.
[   22.959010] cloud-init[919]: Generating public/private rsa key pair.
[   23.286365] cloud-init[919]: Your identification has been saved in /etc/ssh/ssh_host_rsa_key.
[   23.288364] cloud-init[919]: Your public key has been saved in /etc/ssh/ssh_host_rsa_key.pub.
         Starting LXD - unix socket.
[   23.289028] cloud-init[919]: The key fingerprint is:
[   23.513398] cloud-init[919]: SHA256:K2ILz4BE0bTJdoBfRW5IxioftduTt6MuMN0Nf20HpWc root@ubuntu-xenial
[[0;32m  OK  [0m] Started Daily Cleanup of Temporary Directories.
[   23.513572] cloud-init[919]: The key's randomart image is:
[   23.701441] cloud-init[919]: +---[RSA 2048]----+
[[0;32m  OK  [0m] Listening on D-Bus System Message Bus Socket.
[[   23.701572] cloud-init[919]: | .+o.ooo         |
[   23.749362] cloud-init[919]: | .o.*+o        . |
[0;32m  OK  [0m] Reached target Cloud-config availability.
[   23.749466] cloud-init[919]: | ..=+o.o      o  |
[   23.925961] cloud-init[919]: |...+....     o E |
[[0;32m  OK  [0m] Reached target Network is Online.
[   23.926253] cloud-init[919]: | .o o + S   . +  |
[   24.083525] [cloud-init[0;32m  OK  [0m[919]: ] |.. + o = = . o . |Started Daily apt download activities.

[   24.084361] cloud-init[919]: |. o = . + o . .  |
[   24.278457] cloud-init[919]: |   * + . o       |
[[0;32m  OK  [0m] Started Daily apt upgrade and clean activities.
[[   24.278827] cloud-init[919]: |    + oo. .      |
[   24.441411] cloud-init[919]: +----[SHA256]-----+
[0;32m  OK  [0m] Reached target Timers.
[   24.441641] cloud-init[919]: Generating public/private dsa key pair.
[   24.672878] cloud-init[919]: Your identification has been saved in /etc/ssh/ssh_host_dsa_key.
[   24.673619] cloud-init[919]: Your public key has been saved in /etc/ssh/ssh_host_dsa_key.pub.
         Starting iSCSI initiator daemon (iscsid)...
[   24.674031] cloud-init[919]: The key fingerprint is:
[   24.796522] cloud-init[919]: SHA256:fu98qld5cLsBfzcm4Ncr2j/2hwRyglGDSBZLxdeaWqM root@ubuntu-xenial
[   24.796808] cloud-init[919]: The key's randomart image is:
[[0;32m  OK  [0m] Listening on Socket activation for snappy daemon.
[   24.796953] cloud-init[919]: +---[DSA 1024]----+
[   25.042508] cloud-init[919]: |     .==.oo.     |
[[0;32m  OK  [0m] Listening on LXD - unix socket.
[   25.043108] cloud-init[919]: |     o..+ ...    |
[   25.205110] cloud-init[919]: |      .  + o     |
[   25.205379] cloud-init[919]: |        . B.o.. .|
[[0;32m  OK  [0m] Reached target Sockets.
[   25.205528] cloud-init[919]: |        S+.=..++.|
[   25.310337] cloud-init[919]: |       .E  . o+B+|
[[0;32m  OK  [0m] Reached target Basic System.
[   25.310436] cloud-init[919]: |        . . .oooB|
[   25.376311] cloud-init[919]: |         . oo.o=.|
[   25.376620] cloud-init[919]: |          .=*++.=|
[   25.376779] cloud-init[919]: +----[SHA256]-----+
         Starting LXD - container startup/shutdown...
[   25.376814] cloud-init[919]: Generating public/private ecdsa key pair.
[   25.496706] cloud-init[919]: Your identification has been saved in /etc/ssh/ssh_host_ecdsa_key.
[[0;32m  OK  [0m] Started Unattended Upgrades Shutdown.
[   25.496836] cloud-init[919]: Your public key has been saved in /etc/ssh/ssh_host_ecdsa_key.pub.
[   25.645083] cloud-init[919]: The key fingerprint is:
[   25.645312] cloud-init[919]: SHA256:4IbwVeXbMRjlR9Bj8dy3KAQ6nJWzWGQK7X0NQt1IXCs root@ubuntu-xenial
         Starting System Logging Service...
[   25.645462] cloud-init[919]: The key's randomart image is:
[   25.777028] cloud-init[919]: +---[ECDSA 256]---+
[   25.828379] cloud-init[919]: |     .. +BBo*+o. |
[   25.828593] cloud-init[919]: |      oo**.O o=o.|
[[0;32m  OK  [0m] Started ACPI event daemon.
[   25.828787] cloud-init[919]: |  .   +*+ *E*o..=|
[   25.935255] cloud-init[919]: |   o + +.o.+.=. o|
[   25.935463] cloud-init[919]: |    o o S o... . |
[   25.935892]          cloud-initStarting LSB: Record successful boot for GRUB...[919]: 
|     .      .    |
[   25.936155] cloud-init[919]: |                 |
[   25.976400] cloud-init[919]: |                 |
[   25.976644] cloud-init[919]: |                 |
[[0;32m  OK  [0m] Started FUSE filesystem for LXC.
[   25.976798] cloud-init[919]: +----[SHA256]-----+
[   26.098239] cloud-init[919]: Generating public/private ed25519 key pair.
[   26.098522] cloud-init[919]: Your identification has been saved in /etc/ssh/ssh_host_ed25519_key.
         Starting Pollinate to seed the pseudo random number generator...
[   26.098666] cloud-init[919]: Your public key has been saved in /etc/ssh/ssh_host_ed25519_key.pub.
[   26.240483] cloud-init[919]: The key fingerprint is:
[   26.240811] cloud-init[919]: SHA256:YTs5OMcqEOwfzGEQ6cjd8xnoXyYhCi+pzaXC7b41aDQ root@ubuntu-xenial
         Starting Accounts Service...
[   26.240942] cloud-init[919]: The key's randomart image is:
[   26.404951] cloud-init[919]: +--[ED25519 256]--+
[   26.405251] cloud-init[919]: |  oo             |
         Starting Apply the settings specified in cloud-config...
[   26.405394] cloud-init[919]: | ...             |
[   26.507722] cloud-init[919]: |.o+ + . o        |
[   26.513302] cloud-init[919]: |.+.* * * +       |
[   26.513945] cloud-init[919]: |  *E* * S        |
[   26.514155] cloud-init[919]: | o.=+o B =       |
[   26.514380] cloud-init[919]: |ooo=ooo +        |
[   26.514619] cloud-init[919]: |o.=.....         |
[   26.515199] cloud-init[919]: | .o+.            |
[   26.515646] cloud-init[919]: +----[SHA256]-----+
         Starting LSB: MD monitoring daemon...
         Starting /etc/rc.local Compatibility...
[[0;32m  OK  [0m] Started Deferred execution scheduler.
[[0;32m  OK  [0m] Started Regular background program processing daemon.
[[0;32m  OK  [0m] Started D-Bus System Message Bus.
         Starting Login Service...
[[0;32m  OK  [0m] Started Snappy daemon.
         Starting Auto import assertions from block devices...
[[0;32m  OK  [0m] Started System Logging Service.
[[0;32m  OK  [0m] Started iSCSI initiator daemon (iscsid).
[[0;32m  OK  [0m] Started LXD - container startup/shutdown.
[[0;32m  OK  [0m] Started /etc/rc.local Compatibility.
[[0;32m  OK  [0m] Started Auto import assertions from block devices.
[[0;32m  OK  [0m] Started LSB: Record successful boot for GRUB.
[[0;32m  OK  [0m] Started LSB: MD monitoring daemon.
         Starting Authenticate and Authorize Users to Run Privileged Tasks...
         Starting Login to default iSCSI targets...
[   26.890094] cloud-init[1082]: Generating locales (this might take a while)...
[[0;32m  OK  [0m] Started Login Service.
[[0;32m  OK  [0m] Started Pollinate to seed the pseudo random number generator.
[[0;32m  OK  [0m] Started Authenticate and Authorize Users to Run Privileged Tasks.
[[0;32m  OK  [0m] Started Accounts Service.
         Starting OpenBSD Secure Shell server...
[[0;32m  OK  [0m] Started OpenBSD Secure Shell server.
[[0;32m  OK  [0m] Started Login to default iSCSI targets.
[[0;32m  OK  [0m] Reached target Remote File Systems (Pre).
[[0;32m  OK  [0m] Reached target Remote File Systems.
         Starting LSB: automatic crash report generation...
         Starting LSB: VirtualBox Linux Additions...
         Starting LSB: daemon to balance interrupts for SMP systems...
         Starting LSB: Set the CPU Frequency Scaling governor to "ondemand"...
         Starting Permit User Sessions...
[[0;32m  OK  [0m] Started Permit User Sessions.
         Starting Terminate Plymouth Boot Screen...
         Starting Hold until boot process finishes up...
[[0;32m  OK  [0m] Started LSB: automatic crash report generation.
[[0;32m  OK  [0m] Started LSB: daemon to balance interrupts for SMP systems.
[[0;32m  OK  [0m] Started LSB: VirtualBox Linux Additions.
[[0;32m  OK  [0m] Started LSB: Set the CPU Frequency Scaling governor to "ondemand".
[[0;32m  OK  [0m] Started Terminate Plymouth Boot Screen.
[[0;32m  OK  [0m] Started Hold until boot process finishes up.
[[0;32m  OK  [0m] Started Serial Getty on ttyS0.
         Starting Set console scheme...
[[0;32m  OK  [0m] Started Getty on tty1.
[[0;32m  OK  [0m] Reached target Login Prompts.
[[0;32m  OK  [0m] Reached target Multi-User System.
[[0;32m  OK  [0m] Reached target Graphical Interface.
         Starting Update UTMP about System Runlevel Changes...
[[0;32m  OK  [0m] Started Set console scheme.
[[0;32m  OK  [0m] Started Update UTMP about System Runlevel Changes.
[   27.734328] cloud-init[1082]:   en_US.UTF-8... done
[   27.756776] cloud-init[1082]: Generation complete.
         Stopping OpenBSD Secure Shell server...
[[0;32m  OK  [0m] Stopped OpenBSD Secure Shell server.
         Starting OpenBSD Secure Shell server...
[[0;32m  OK  [0m] Started OpenBSD Secure Shell server.
[   28.095081] cloud-init[1082]: Cloud-init v. 0.7.9 running 'modules:config' at Thu, 04 Jan 2018 02:16:30 +0000. Up 26.76 seconds.
[[0;32m  OK  [0m] Started Apply the settings specified in cloud-config.
         Starting Execute cloud user/final scripts...
ci-info: no authorized ssh keys fingerprints found for user ubuntu.
<14>Jan  4 02:16:32 ec2: 
<14>Jan  4 02:16:32 ec2: #############################################################
<14>Jan  4 02:16:32 ec2: -----BEGIN SSH HOST KEY FINGERPRINTS-----
<14>Jan  4 02:16:32 ec2: 1024 SHA256:fu98qld5cLsBfzcm4Ncr2j/2hwRyglGDSBZLxdeaWqM root@ubuntu-xenial (DSA)
<14>Jan  4 02:16:32 ec2: 256 SHA256:4IbwVeXbMRjlR9Bj8dy3KAQ6nJWzWGQK7X0NQt1IXCs root@ubuntu-xenial (ECDSA)
<14>Jan  4 02:16:32 ec2: 256 SHA256:YTs5OMcqEOwfzGEQ6cjd8xnoXyYhCi+pzaXC7b41aDQ root@ubuntu-xenial (ED25519)
<14>Jan  4 02:16:32 ec2: 2048 SHA256:K2ILz4BE0bTJdoBfRW5IxioftduTt6MuMN0Nf20HpWc root@ubuntu-xenial (RSA)
<14>Jan  4 02:16:32 ec2: -----END SSH HOST KEY FINGERPRINTS-----
<14>Jan  4 02:16:32 ec2: #############################################################
-----BEGIN SSH HOST KEY KEYS-----
ecdsa-sha2-nistp256 AAAAE2VjZHNhLXNoYTItbmlzdHAyNTYAAAAIbmlzdHAyNTYAAABBBBFqHmPOBIOZewzYwMbfyWgWN+7Ztf2JFY8xgbrxQfAFXnSIDhS5iVpzyByXUZIYJnh6G4U72YpZ2tDKpsskNM0= root@ubuntu-xenial
ssh-ed25519 AAAAC3NzaC1lZDI1NTE5AAAAIBg25Kfy7W7izm21QdzCA2nK7y4u/KDDmlX+IFqzTMAx root@ubuntu-xenial
ssh-rsa AAAAB3NzaC1yc2EAAAADAQABAAABAQDSjriWdoNd5NYNM1b7NmR3RUdyhAiZ1rYBt6JtjtE3J6QXp8C9jaIYfyAtV755Ubh4NBpMnjvruIa1StVRaX74dGML63Hq+fLojxY+1CwysvylaUVubw73mvr+PQVfLYTVLGxTYqBHIZTSxVUO9Ull0Ccc6SgQr3Z7M+k5Ix8Jfnt5PJfCyz5KmBfZ87/4i2dnTxaj1cjG+eofBPAly5ZrjRh/qU4IiT9q5CoeQUu9S3suRAQDOt++Ebe+ki10CoYcSOdvsIPeTWDLlPIISpkcJw8QoeaCsp036Z4nP78IbHARYE/cncbubQn8n+720+BzjKSVWEyaFYO/FixH7Njf root@ubuntu-xenial
-----END SSH HOST KEY KEYS-----
[   28.586840] cloud-init[1291]: Cloud-init v. 0.7.9 running 'modules:final' at Thu, 04 Jan 2018 02:16:31 +0000. Up 28.40 seconds.
[   28.617716] cloud-init[1291]: ci-info: no authorized ssh keys fingerprints found for user ubuntu.
[   28.636604] cloud-init[1291]: Cloud-init v. 0.7.9 finished at Thu, 04 Jan 2018 02:16:32 +0000. Datasource DataSourceNoCloud [seed=/dev/sdb][dsmode=net].  Up 28.58 seconds
[[0;32m  OK  [0m] Started Execute cloud user/final scripts.
[[0;32m  OK  [0m] Reached target Cloud-init target.

Ubuntu 16.04.3 LTS ubuntu-xenial ttyS0

ubuntu-xenial login: 